# JRE version: Java(TM) SE Runtime Environment (8.0_92-b14) (build 1.8.0_92-b14)
# Java VM: Java HotSpot(TM) 64-Bit Server VM (25.92-b14 mixed mode windows-amd64 compressed oops)
Heap:
 PSYoungGen      total 225792K, used 35081K [0x0000000716100000, 0x0000000725580000, 0x00000007c0000000)
  eden space 204288K, 17% used [0x0000000716100000,0x00000007183424a0,0x0000000722880000)
  from space 21504K, 0% used [0x0000000723d80000,0x0000000723d80000,0x0000000725280000)
  to   space 21504K, 0% used [0x0000000722880000,0x0000000722880000,0x0000000723d80000)
 ParOldGen       total 300032K, used 16779K [0x00000005c2200000, 0x00000005d4700000, 0x0000000716100000)
  object space 300032K, 5% used [0x00000005c2200000,0x00000005c3262f20,0x00000005d4700000)
 Metaspace       used 33815K, capacity 36366K, committed 36608K, reserved 1081344K
  class space    used 4632K, capacity 5082K, committed 5120K, reserved 1048576K
GC Heap History (10 events):
Event: 0.914 GC heap before
{Heap before GC invocations=2 (full 0):
 PSYoungGen      total 152576K, used 50576K [0x0000000716100000, 0x0000000720b00000, 0x00000007c0000000)
  eden space 131072K, 26% used [0x0000000716100000,0x000000071831a630,0x000000071e100000)
  from space 21504K, 72% used [0x000000071e100000,0x000000071f049d20,0x000000071f600000)
  to   space 21504K, 0% used [0x000000071f600000,0x000000071f600000,0x0000000720b00000)
 ParOldGen       total 348160K, used 24K [0x00000005c2200000, 0x00000005d7600000, 0x0000000716100000)
  object space 348160K, 0% used [0x00000005c2200000,0x00000005c2206000,0x00000005d7600000)
 Metaspace       used 20207K, capacity 21284K, committed 21296K, reserved 1067008K
  class space    used 2702K, capacity 2932K, committed 2944K, reserved 1048576K
Event: 0.918 GC heap after
Heap after GC invocations=2 (full 0):
 PSYoungGen      total 152576K, used 8479K [0x0000000716100000, 0x0000000728b00000, 0x00000007c0000000)
  eden space 131072K, 0% used [0x0000000716100000,0x0000000716100000,0x000000071e100000)
  from space 21504K, 39% used [0x000000071f600000,0x000000071fe47d58,0x0000000720b00000)
  to   space 21504K, 0% used [0x000000071e100000,0x000000071e100000,0x000000071f600000)
 ParOldGen       total 348160K, used 40K [0x00000005c2200000, 0x00000005d7600000, 0x0000000716100000)
  object space 348160K, 0% used [0x00000005c2200000,0x00000005c220a000,0x00000005d7600000)
 Metaspace       used 20207K, capacity 21284K, committed 21296K, reserved 1067008K
  class space    used 2702K, capacity 2932K, committed 2944K, reserved 1048576K
}
Event: 0.918 GC heap before
{Heap before GC invocations=3 (full 1):
 PSYoungGen      total 152576K, used 8479K [0x0000000716100000, 0x0000000728b00000, 0x00000007c0000000)
  eden space 131072K, 0% used [0x0000000716100000,0x0000000716100000,0x000000071e100000)
  from space 21504K, 39% used [0x000000071f600000,0x000000071fe47d58,0x0000000720b00000)
  to   space 21504K, 0% used [0x000000071e100000,0x000000071e100000,0x000000071f600000)
 ParOldGen       total 348160K, used 40K [0x00000005c2200000, 0x00000005d7600000, 0x0000000716100000)
  object space 348160K, 0% used [0x00000005c2200000,0x00000005c220a000,0x00000005d7600000)
 Metaspace       used 20207K, capacity 21284K, committed 21296K, reserved 1067008K
  class space    used 2702K, capacity 2932K, committed 2944K, reserved 1048576K
Event: 0.932 GC heap after
Heap after GC invocations=3 (full 1):
 PSYoungGen      total 152576K, used 0K [0x0000000716100000, 0x0000000728b00000, 0x00000007c0000000)
  eden space 131072K, 0% used [0x0000000716100000,0x0000000716100000,0x000000071e100000)
  from space 21504K, 0% used [0x000000071f600000,0x000000071f600000,0x0000000720b00000)
  to   space 21504K, 0% used [0x000000071e100000,0x000000071e100000,0x000000071f600000)
 ParOldGen       total 191488K, used 8172K [0x00000005c2200000, 0x00000005cdd00000, 0x0000000716100000)
  object space 191488K, 4% used [0x00000005c2200000,0x00000005c29fb148,0x00000005cdd00000)
 Metaspace       used 20207K, capacity 21284K, committed 21296K, reserved 1067008K
  class space    used 2702K, capacity 2932K, committed 2944K, reserved 1048576K
}
Event: 1.431 GC heap before
{Heap before GC invocations=4 (full 1):
 PSYoungGen      total 152576K, used 131072K [0x0000000716100000, 0x0000000728b00000, 0x00000007c0000000)
  eden space 131072K, 100% used [0x0000000716100000,0x000000071e100000,0x000000071e100000)
  from space 21504K, 0% used [0x000000071f600000,0x000000071f600000,0x0000000720b00000)
  to   space 21504K, 0% used [0x000000071e100000,0x000000071e100000,0x000000071f600000)
 ParOldGen       total 191488K, used 8172K [0x00000005c2200000, 0x00000005cdd00000, 0x0000000716100000)
  object space 191488K, 4% used [0x00000005c2200000,0x00000005c29fb148,0x00000005cdd00000)
 Metaspace       used 30470K, capacity 32436K, committed 32640K, reserved 1077248K
  class space    used 4088K, capacity 4462K, committed 4480K, reserved 1048576K
Event: 1.436 GC heap after
Heap after GC invocations=4 (full 1):
 PSYoungGen      total 152576K, used 14362K [0x0000000716100000, 0x0000000725280000, 0x00000007c0000000)
  eden space 131072K, 0% used [0x0000000716100000,0x0000000716100000,0x000000071e100000)
  from space 21504K, 66% used [0x000000071e100000,0x000000071ef06b60,0x000000071f600000)
  to   space 21504K, 0% used [0x0000000723d80000,0x0000000723d80000,0x0000000725280000)
 ParOldGen       total 191488K, used 8180K [0x00000005c2200000, 0x00000005cdd00000, 0x0000000716100000)
  object space 191488K, 4% used [0x00000005c2200000,0x00000005c29fd148,0x00000005cdd00000)
 Metaspace       used 30470K, capacity 32436K, committed 32640K, reserved 1077248K
  class space    used 4088K, capacity 4462K, committed 4480K, reserved 1048576K
}
Event: 1.589 GC heap before
{Heap before GC invocations=5 (full 1):
 PSYoungGen      total 152576K, used 58792K [0x0000000716100000, 0x0000000725280000, 0x00000007c0000000)
  eden space 131072K, 33% used [0x0000000716100000,0x0000000718c63530,0x000000071e100000)
  from space 21504K, 66% used [0x000000071e100000,0x000000071ef06b60,0x000000071f600000)
  to   space 21504K, 0% used [0x0000000723d80000,0x0000000723d80000,0x0000000725280000)
 ParOldGen       total 191488K, used 8180K [0x00000005c2200000, 0x00000005cdd00000, 0x0000000716100000)
  object space 191488K, 4% used [0x00000005c2200000,0x00000005c29fd148,0x00000005cdd00000)
 Metaspace       used 32961K, capacity 35326K, committed 35456K, reserved 1079296K
  class space    used 4475K, capacity 4917K, committed 4992K, reserved 1048576K
Event: 1.593 GC heap after
Heap after GC invocations=5 (full 1):
 PSYoungGen      total 225792K, used 10721K [0x0000000716100000, 0x0000000725580000, 0x00000007c0000000)
  eden space 204288K, 0% used [0x0000000716100000,0x0000000716100000,0x0000000722880000)
  from space 21504K, 49% used [0x0000000723d80000,0x00000007247f8750,0x0000000725280000)
  to   space 21504K, 0% used [0x0000000722880000,0x0000000722880000,0x0000000723d80000)
 ParOldGen       total 191488K, used 8188K [0x00000005c2200000, 0x00000005cdd00000, 0x0000000716100000)
  object space 191488K, 4% used [0x00000005c2200000,0x00000005c29ff148,0x00000005cdd00000)
 Metaspace       used 32961K, capacity 35326K, committed 35456K, reserved 1079296K
  class space    used 4475K, capacity 4917K, committed 4992K, reserved 1048576K
}
Event: 1.593 GC heap before
{Heap before GC invocations=6 (full 2):
 PSYoungGen      total 225792K, used 10721K [0x0000000716100000, 0x0000000725580000, 0x00000007c0000000)
  eden space 204288K, 0% used [0x0000000716100000,0x0000000716100000,0x0000000722880000)
  from space 21504K, 49% used [0x0000000723d80000,0x00000007247f8750,0x0000000725280000)
  to   space 21504K, 0% used [0x0000000722880000,0x0000000722880000,0x0000000723d80000)
 ParOldGen       total 191488K, used 8188K [0x00000005c2200000, 0x00000005cdd00000, 0x0000000716100000)
  object space 191488K, 4% used [0x00000005c2200000,0x00000005c29ff148,0x00000005cdd00000)
 Metaspace       used 32961K, capacity 35326K, committed 35456K, reserved 1079296K
  class space    used 4475K, capacity 4917K, committed 4992K, reserved 1048576K
Event: 1.617 GC heap after
Heap after GC invocations=6 (full 2):
 PSYoungGen      total 225792K, used 0K [0x0000000716100000, 0x0000000725580000, 0x00000007c0000000)
  eden space 204288K, 0% used [0x0000000716100000,0x0000000716100000,0x0000000722880000)
  from space 21504K, 0% used [0x0000000723d80000,0x0000000723d80000,0x0000000725280000)
  to   space 21504K, 0% used [0x0000000722880000,0x0000000722880000,0x0000000723d80000)
 ParOldGen       total 300032K, used 16779K [0x00000005c2200000, 0x00000005d4700000, 0x0000000716100000)
  object space 300032K, 5% used [0x00000005c2200000,0x00000005c3262f20,0x00000005d4700000)
 Metaspace       used 32961K, capacity 35326K, committed 35456K, reserved 1079296K
  class space    used 4475K, capacity 4917K, committed 4992K, reserved 1048576K
}

